<?xml version="1.0" encoding="UTF-8" ?>
<testsuite tests="16" failures="0" name="DAOTests.ClienteDAOTest" time="1.342" errors="0" skipped="0">
  <properties>
    <property name="java.runtime.name" value="Java(TM) SE Runtime Environment"/>
    <property name="java.vm.version" value="14.0.2+12-46"/>
    <property name="sun.boot.library.path" value="C:\Program Files\Java\jdk-14.0.2\bin"/>
    <property name="maven.multiModuleProjectDirectory" value="C:\Users\vitor\OneDrive\Documentos\GitHub\ClinicaMaven"/>
    <property name="java.vm.vendor" value="Oracle Corporation"/>
    <property name="java.vendor.url" value="https://java.oracle.com/"/>
    <property name="guice.disable.misplaced.annotation.check" value="true"/>
    <property name="path.separator" value=";"/>
    <property name="java.vm.name" value="Java HotSpot(TM) 64-Bit Server VM"/>
    <property name="sun.os.patch.level" value=""/>
    <property name="user.script" value=""/>
    <property name="user.country" value="BR"/>
    <property name="sun.java.launcher" value="SUN_STANDARD"/>
    <property name="java.vm.specification.name" value="Java Virtual Machine Specification"/>
    <property name="user.dir" value="C:\Users\vitor\OneDrive\Documentos\GitHub\ClinicaMaven"/>
    <property name="java.vm.compressedOopsMode" value="32-bit"/>
    <property name="java.runtime.version" value="14.0.2+12-46"/>
    <property name="os.arch" value="amd64"/>
    <property name="java.io.tmpdir" value="C:\Users\vitor\AppData\Local\Temp\"/>
    <property name="line.separator" value="
"/>
    <property name="java.vm.specification.vendor" value="Oracle Corporation"/>
    <property name="user.variant" value=""/>
    <property name="os.name" value="Windows 10"/>
    <property name="maven.ext.class.path" value="D:\1coisas\NetBeans-12.4\netbeans\java\maven-nblib\netbeans-eventspy.jar"/>
    <property name="classworlds.conf" value="D:\1coisas\NetBeans-12.4\netbeans\java\maven\bin\..\bin\m2.conf"/>
    <property name="sun.jnu.encoding" value="Cp1252"/>
    <property name="java.library.path" value="C:\Program Files\Java\jdk-14.0.2\bin;C:\WINDOWS\Sun\Java\bin;C:\WINDOWS\system32;C:\WINDOWS;C:\ProgramData\Oracle\Java\javapath;C:\Program Files (x86)\Microsoft SDKs\Azure\CLI2\wbin;C:\Program Files\Common Files\Oracle\Java\javapath;C:\Program Files (x86)\Common Files\Oracle\Java\javapath;C:\Program Files\Java\jre1.8.0_111\bin;C:\Windows\system32;C:\Windows;C:\Windows\System32\Wbem;C:\Windows\System32\WindowsPowerShell\v1.0\;C:\Windows\System32\OpenSSH\;C:\Program Files (x86)\NVIDIA Corporation\PhysX\Common;C:\Program Files\NVIDIA Corporation\NVIDIA NvDLISR;C:\WINDOWS\system32;C:\WINDOWS;C:\WINDOWS\System32\Wbem;C:\WINDOWS\System32\WindowsPowerShell\v1.0\;C:\WINDOWS\System32\OpenSSH\;D:\1 - Tudo\CodeBlocks;D:\1coisas\MinGW\bin;D:\1coisas\Git\cmd;D:\Putty\;C:\Program Files\Docker\Docker\resources\bin;C:\ProgramData\DockerDesktop\version-bin;C:\Program Files\dotnet\;C:\Program Files\Microsoft SQL Server\130\Tools\Binn\;C:\Program Files\Microsoft SQL Server\Client SDK\ODBC\170\Tools\Binn\;D:\1coisas\Terraform;C:\Program Files\Amazon\AWSCLIV2\;C:\ProgramData\chocolatey\bin;C:\ProgramData\chocolatey\lib\maven\apache-maven-3.8.6\bin;C:\Users\vitor\AppData\Local\Packages\PythonSoftwareFoundation.Python.3.9_qbz5n2kfra8p0\LocalCache\local-packages\Python39\Scripts;C:\Users\vitor\AppData\Local\Microsoft\WindowsApps;C:\Users\vitor\AppData\Local\GitHubDesktop\bin;D:\1 - Tudo\CodeBlocks;D:\1coisas\Microsoft VS Code\bin;D:\1coisas\MinGW\bin;D:\1coisas\mitmproxy\bin;C:\Users\vitor\.dotnet\tools;C:\Program Files\apache-maven-3.8.6\bin;C:\Program Files\heroku\bin;."/>
    <property name="maven.conf" value="D:\1coisas\NetBeans-12.4\netbeans\java\maven\bin\../conf"/>
    <property name="jdk.debug" value="release"/>
    <property name="java.class.version" value="58.0"/>
    <property name="java.specification.name" value="Java Platform API Specification"/>
    <property name="sun.management.compiler" value="HotSpot 64-Bit Tiered Compilers"/>
    <property name="os.version" value="10.0"/>
    <property name="library.jansi.path" value="D:\1coisas\NetBeans-12.4\netbeans\java\maven\bin\..\lib\jansi-native"/>
    <property name="user.home" value="C:\Users\vitor"/>
    <property name="user.timezone" value="America/Sao_Paulo"/>
    <property name="file.encoding" value="UTF-8"/>
    <property name="java.specification.version" value="14"/>
    <property name="user.name" value="vitorhugo"/>
    <property name="java.class.path" value="D:\1coisas\NetBeans-12.4\netbeans\java\maven\bin\..\boot\plexus-classworlds-2.6.0.jar"/>
    <property name="java.vm.specification.version" value="14"/>
    <property name="sun.arch.data.model" value="64"/>
    <property name="sun.java.command" value="org.codehaus.plexus.classworlds.launcher.Launcher -Dmaven.ext.class.path=D:\1coisas\NetBeans-12.4\netbeans\java\maven-nblib\netbeans-eventspy.jar -Dfile.encoding=UTF-8 test"/>
    <property name="java.home" value="C:\Program Files\Java\jdk-14.0.2"/>
    <property name="user.language" value="pt"/>
    <property name="java.specification.vendor" value="Oracle Corporation"/>
    <property name="java.vm.info" value="mixed mode, sharing"/>
    <property name="java.version" value="14.0.2"/>
    <property name="java.vendor" value="Oracle Corporation"/>
    <property name="maven.home" value="D:\1coisas\NetBeans-12.4\netbeans\java\maven\bin\.."/>
    <property name="file.separator" value="\"/>
    <property name="java.version.date" value="2020-07-14"/>
    <property name="java.vendor.url.bug" value="https://bugreport.java.com/bugreport/"/>
    <property name="sun.io.unicode.encoding" value="UnicodeLittle"/>
    <property name="sun.cpu.endian" value="little"/>
    <property name="sun.cpu.isalist" value="amd64"/>
  </properties>
  <testcase classname="DAOTests.ClienteDAOTest" name="DAOTests.ClienteDAOTest.testCreatePaciente" time="0.439"/>
  <testcase classname="DAOTests.ClienteDAOTest" name="DAOTests.ClienteDAOTest.testGetPaciente" time="0.002"/>
  <testcase classname="DAOTests.ClienteDAOTest" name="DAOTests.ClienteDAOTest.testUpdatePaciente" time="0.054"/>
  <testcase classname="DAOTests.ClienteDAOTest" name="DAOTests.ClienteDAOTest.testDeletePaciente" time="0.021"/>
  <testcase classname="DAOTests.ClienteDAOTest" name="DAOTests.ClienteDAOTest.testLogin" time="0"/>
  <testcase classname="DAOTests.ClienteDAOTest" name="DAOTests.ClienteDAOTest.testGetPacientes" time="0.002"/>
  <testcase classname="DAOTests.ClienteDAOTest" name="DAOTests.ClienteDAOTest.testLoginMock" time="0.811"/>
  <testcase classname="DAOTests.ClienteDAOTest" name="DAOTests.ClienteDAOTest.testGetNomePacienteMock" time="0.002"/>
  <testcase classname="DAOTests.ClienteDAOTest" name="DAOTests.ClienteDAOTest.testGetIdDeletePaciente" time="0.001"/>
  <testcase classname="DAOTests.ClienteDAOTest" name="DAOTests.ClienteDAOTest.testJaCadastradoMock" time="0.001"/>
  <testcase classname="DAOTests.ClienteDAOTest" name="DAOTests.ClienteDAOTest.testDeletePacienteMock" time="0.001"/>
  <testcase classname="DAOTests.ClienteDAOTest" name="DAOTests.ClienteDAOTest.testGetPacientesMock" time="0.002"/>
  <testcase classname="DAOTests.ClienteDAOTest" name="DAOTests.ClienteDAOTest.testUpdatePacienteMock" time="0"/>
  <testcase classname="DAOTests.ClienteDAOTest" name="DAOTests.ClienteDAOTest.testGetIdDeletePacienteMock" time="0.002"/>
  <testcase classname="DAOTests.ClienteDAOTest" name="DAOTests.ClienteDAOTest.testGetNomePaciente" time="0.001"/>
  <testcase classname="DAOTests.ClienteDAOTest" name="DAOTests.ClienteDAOTest.testGetPacienteMock" time="0.003"/>
</testsuite>