<?xml version="1.0" encoding="UTF-8" ?>
<testsuite tests="7" failures="7" name="DAOTests.ConsultaDAOTest" time="28.414" errors="0" skipped="0">
  <properties>
    <property name="java.runtime.name" value="Java(TM) SE Runtime Environment"/>
    <property name="sun.boot.library.path" value="C:\Program Files\Java\jdk1.8.0_361\jre\bin"/>
    <property name="java.vm.version" value="25.361-b09"/>
    <property name="java.vm.vendor" value="Oracle Corporation"/>
    <property name="maven.multiModuleProjectDirectory" value="C:\Users\DanielNeves\UFF\QualidadeETeste\ClinicaMaven"/>
    <property name="java.vendor.url" value="http://java.oracle.com/"/>
    <property name="path.separator" value=";"/>
    <property name="guice.disable.misplaced.annotation.check" value="true"/>
    <property name="java.vm.name" value="Java HotSpot(TM) 64-Bit Server VM"/>
    <property name="file.encoding.pkg" value="sun.io"/>
    <property name="user.script" value=""/>
    <property name="user.country" value="BR"/>
    <property name="sun.java.launcher" value="SUN_STANDARD"/>
    <property name="sun.os.patch.level" value=""/>
    <property name="java.vm.specification.name" value="Java Virtual Machine Specification"/>
    <property name="user.dir" value="C:\Users\DanielNeves\UFF\QualidadeETeste\ClinicaMaven"/>
    <property name="java.runtime.version" value="1.8.0_361-b09"/>
    <property name="netbeans.deploy" value="true"/>
    <property name="java.awt.graphicsenv" value="sun.awt.Win32GraphicsEnvironment"/>
    <property name="java.endorsed.dirs" value="C:\Program Files\Java\jdk1.8.0_361\jre\lib\endorsed"/>
    <property name="os.arch" value="amd64"/>
    <property name="java.io.tmpdir" value="C:\Users\DANIEL~1\AppData\Local\Temp\"/>
    <property name="line.separator" value="
"/>
    <property name="java.vm.specification.vendor" value="Oracle Corporation"/>
    <property name="user.variant" value=""/>
    <property name="os.name" value="Windows 10"/>
    <property name="maven.ext.class.path" value="C:\Program Files\NetBeans-12.4\netbeans\java\maven-nblib\netbeans-eventspy.jar"/>
    <property name="classworlds.conf" value="C:\Program Files\NetBeans-12.4\netbeans\java\maven\bin\..\bin\m2.conf"/>
    <property name="sun.jnu.encoding" value="Cp1252"/>
    <property name="java.library.path" value="C:\Program Files\Java\jdk1.8.0_361\bin;C:\Windows\Sun\Java\bin;C:\Windows\system32;C:\Windows;C:\Program Files (x86)\Common Files\Oracle\Java\javapath;C:\Python311\Scripts\;C:\Python311\;C:\Windows\system32;C:\Windows;C:\Windows\System32\Wbem;C:\Windows\System32\WindowsPowerShell\v1.0\;C:\Windows\System32\OpenSSH\;C:\Program Files\Git\cmd;C:\Program Files\dotnet\;C:\Program Files\Microsoft SQL Server\130\Tools\Binn\;C:\Program Files\Microsoft SQL Server\Client SDK\ODBC\170\Tools\Binn\;C:\Program Files (x86)\Microsoft SQL Server\160\DTS\Binn\;C:\Program Files\Azure Data Studio\bin;C:\Program Files\Docker\Docker\resources\bin;C:\Program Files (x86)\Microsoft SQL Server\150\Tools\Binn\;C:\Program Files\Microsoft SQL Server\150\Tools\Binn\;C:\Program Files\Microsoft SQL Server\150\DTS\Binn\;C:\ProgramData\chocolatey\bin;C:\Program Files\nodejs\;C:\Users\DanielNeves\AppData\Local\Microsoft\WindowsApps;;C:\Users\DanielNeves\AppData\Local\Programs\Microsoft VS Code\bin;C:\Program Files\Azure Data Studio\bin;C:\Users\DanielNeves\AppData\Roaming\npm;."/>
    <property name="maven.conf" value="C:\Program Files\NetBeans-12.4\netbeans\java\maven\bin\../conf"/>
    <property name="java.specification.name" value="Java Platform API Specification"/>
    <property name="java.class.version" value="52.0"/>
    <property name="sun.management.compiler" value="HotSpot 64-Bit Tiered Compilers"/>
    <property name="os.version" value="10.0"/>
    <property name="library.jansi.path" value="C:\Program Files\NetBeans-12.4\netbeans\java\maven\bin\..\lib\jansi-native"/>
    <property name="user.home" value="C:\Users\DanielNeves"/>
    <property name="user.timezone" value="America/Sao_Paulo"/>
    <property name="java.awt.printerjob" value="sun.awt.windows.WPrinterJob"/>
    <property name="java.specification.version" value="1.8"/>
    <property name="file.encoding" value="UTF-8"/>
    <property name="exec.appArgs" value=""/>
    <property name="user.name" value="DanielNeves"/>
    <property name="java.class.path" value="C:\Program Files\NetBeans-12.4\netbeans\java\maven\bin\..\boot\plexus-classworlds-2.6.0.jar"/>
    <property name="exec.vmArgs" value=""/>
    <property name="java.vm.specification.version" value="1.8"/>
    <property name="sun.arch.data.model" value="64"/>
    <property name="java.home" value="C:\Program Files\Java\jdk1.8.0_361\jre"/>
    <property name="sun.java.command" value="org.codehaus.plexus.classworlds.launcher.Launcher -Dnetbeans.deploy=true -Dexec.vmArgs= -Dexec.appArgs= -Dmaven.ext.class.path=C:\Program Files\NetBeans-12.4\netbeans\java\maven-nblib\netbeans-eventspy.jar -Dfile.encoding=UTF-8 package"/>
    <property name="java.specification.vendor" value="Oracle Corporation"/>
    <property name="user.language" value="pt"/>
    <property name="awt.toolkit" value="sun.awt.windows.WToolkit"/>
    <property name="java.vm.info" value="mixed mode"/>
    <property name="java.version" value="1.8.0_361"/>
    <property name="java.ext.dirs" value="C:\Program Files\Java\jdk1.8.0_361\jre\lib\ext;C:\Windows\Sun\Java\lib\ext"/>
    <property name="sun.boot.class.path" value="C:\Program Files\Java\jdk1.8.0_361\jre\lib\resources.jar;C:\Program Files\Java\jdk1.8.0_361\jre\lib\rt.jar;C:\Program Files\Java\jdk1.8.0_361\jre\lib\jsse.jar;C:\Program Files\Java\jdk1.8.0_361\jre\lib\jce.jar;C:\Program Files\Java\jdk1.8.0_361\jre\lib\charsets.jar;C:\Program Files\Java\jdk1.8.0_361\jre\lib\jfr.jar;C:\Program Files\Java\jdk1.8.0_361\jre\classes"/>
    <property name="java.vendor" value="Oracle Corporation"/>
    <property name="java.specification.maintenance.version" value="4"/>
    <property name="maven.home" value="C:\Program Files\NetBeans-12.4\netbeans\java\maven\bin\.."/>
    <property name="file.separator" value="\"/>
    <property name="java.vendor.url.bug" value="http://bugreport.sun.com/bugreport/"/>
    <property name="sun.cpu.endian" value="little"/>
    <property name="sun.io.unicode.encoding" value="UnicodeLittle"/>
    <property name="sun.desktop" value="windows"/>
    <property name="sun.cpu.isalist" value="amd64"/>
  </properties>
  <testcase classname="DAOTests.ConsultaDAOTest" name="DAOTests.ConsultaDAOTest.testCreateConsulta" time="4.038">
    <failure type="java.lang.NullPointerException">java.lang.NullPointerException
	at model.ConsultaDAO.getConsultas(ConsultaDAO.java:50)
	at DAOTests.ConsultaDAOTest.testCreateConsulta(ConsultaDAOTest.java:44)
</failure>
    <system-out>Nao foi possivel conectar
</system-out>
  </testcase>
  <testcase classname="DAOTests.ConsultaDAOTest" name="DAOTests.ConsultaDAOTest.testGet_consulta" time="4.058">
    <failure message="Não há objeto com a id no banco de dados" type="org.opentest4j.AssertionFailedError">org.opentest4j.AssertionFailedError: Não há objeto com a id no banco de dados
	at org.junit.jupiter.api.AssertionUtils.fail(AssertionUtils.java:39)
	at org.junit.jupiter.api.Assertions.fail(Assertions.java:117)
	at DAOTests.ConsultaDAOTest.testGet_consulta(ConsultaDAOTest.java:77)
</failure>
    <system-out>Nao foi possivel conectar
</system-out>
  </testcase>
  <testcase classname="DAOTests.ConsultaDAOTest" name="DAOTests.ConsultaDAOTest.testUpdateConsulta" time="4.074">
    <failure type="java.lang.NullPointerException">java.lang.NullPointerException
	at model.ConsultaDAO.updateConsulta(ConsultaDAO.java:135)
	at DAOTests.ConsultaDAOTest.testUpdateConsulta(ConsultaDAOTest.java:118)
</failure>
    <system-out>Nao foi possivel conectar
</system-out>
  </testcase>
  <testcase classname="DAOTests.ConsultaDAOTest" name="DAOTests.ConsultaDAOTest.testGet_consultas" time="4.055">
    <failure message="Não há objeto com a id no banco de dados" type="org.opentest4j.AssertionFailedError">org.opentest4j.AssertionFailedError: Não há objeto com a id no banco de dados
	at org.junit.jupiter.api.AssertionUtils.fail(AssertionUtils.java:39)
	at org.junit.jupiter.api.Assertions.fail(Assertions.java:117)
	at DAOTests.ConsultaDAOTest.testGet_consultas(ConsultaDAOTest.java:64)
</failure>
    <system-out>Nao foi possivel conectar
</system-out>
  </testcase>
  <testcase classname="DAOTests.ConsultaDAOTest" name="DAOTests.ConsultaDAOTest.testGet_procedimentosDisponiveis" time="4.061">
    <failure message="Não há objeto com a id no banco de dados" type="org.opentest4j.AssertionFailedError">org.opentest4j.AssertionFailedError: Não há objeto com a id no banco de dados
	at org.junit.jupiter.api.AssertionUtils.fail(AssertionUtils.java:39)
	at org.junit.jupiter.api.Assertions.fail(Assertions.java:117)
	at DAOTests.ConsultaDAOTest.testGet_procedimentosDisponiveis(ConsultaDAOTest.java:103)
</failure>
    <system-out>Nao foi possivel conectar
</system-out>
  </testcase>
  <testcase classname="DAOTests.ConsultaDAOTest" name="DAOTests.ConsultaDAOTest.testGet_medicoEspecialidade" time="4.066">
    <failure message="Não há objeto com a id no banco de dados" type="org.opentest4j.AssertionFailedError">org.opentest4j.AssertionFailedError: Não há objeto com a id no banco de dados
	at org.junit.jupiter.api.AssertionUtils.fail(AssertionUtils.java:39)
	at org.junit.jupiter.api.Assertions.fail(Assertions.java:117)
	at DAOTests.ConsultaDAOTest.testGet_medicoEspecialidade(ConsultaDAOTest.java:91)
</failure>
    <system-out>Nao foi possivel conectar
</system-out>
  </testcase>
  <testcase classname="DAOTests.ConsultaDAOTest" name="DAOTests.ConsultaDAOTest.testDeleteConsulta" time="4.062">
    <failure type="java.lang.NullPointerException">java.lang.NullPointerException
	at model.ConsultaDAO.createConsulta(ConsultaDAO.java:34)
	at DAOTests.ConsultaDAOTest.testDeleteConsulta(ConsultaDAOTest.java:140)
</failure>
    <system-out>Nao foi possivel conectar
</system-out>
  </testcase>
</testsuite>